<?xml version="1.0" encoding="UTF-8"?>
<!-- Generated by org.testng.reporters.JUnitXMLReporter -->
<testsuite ignored="1" hostname="DESKTOP-R1GJ1RP" failures="1" tests="10" name="Test" time="0.137" errors="0" timestamp="2022-07-14T17:53:27 IST">
  <testcase classname="tests.day4" name="APIloginHomeLoan" time="0.006"/>
  <testcase classname="tests.day4" name="CarloginHomeLoan" time="0.002"/>
  <testcase classname="tests.day4" name="WebloginHomeLoan" time="0.004"/>
  <testcase classname="tests.day3" name="CarWeblogin" time="0.0">
    <failure type="org.testng.TestNGException" message="
Parameter &amp;apos;URL&amp;apos; is required by @Test on method CarWeblogin but has not been marked @Optional or defined
in C:\Users\admin\eclipse-workspace\Testng\testng4.xml">
      <![CDATA[org.testng.TestNGException: 
Parameter 'URL' is required by @Test on method CarWeblogin but has not been marked @Optional or defined
in C:\Users\admin\eclipse-workspace\Testng\testng4.xml
at java.base/java.util.ArrayList.forEach(ArrayList.java:1511)
... Removed 26 stack frames]]>
    </failure>
  </testcase> <!-- CarWeblogin -->
  <testcase classname="tests.day3" name="mobileCarlogin" time="0.005"/>
  <testcase classname="tests.day3" name="mobileCarlogin" time="0.002"/>
  <testcase classname="tests.day3" name="mobileCarlogin" time="0.003"/>
  <testcase classname="tests.day3" name="CarAPIlogin" time="0.0">
    <skipped/>
  </testcase> <!-- CarAPIlogin -->
  <testcase classname="tests.day2" name="demo" time="0.002"/>
  <testcase classname="tests.day1" name="SeconTest" time="0.002"/>
  <testcase classname="tests.day1" name="demo" time="0.0">
    <ignored/>
  </testcase> <!-- demo -->
</testsuite> <!-- Test -->
